<?xml version="1.0" encoding="UTF-8"?>
<testsuite name="SumCalcTest" tests="3" skipped="0" failures="0" errors="0" timestamp="2023-08-20T20:23:07" hostname="R5-3600X" time="0.025">
  <properties/>
  <testcase name="oneValueTesting()" classname="SumCalcTest" time="0.021"/>
  <testcase name="threeValueTesting()" classname="SumCalcTest" time="0.001"/>
  <testcase name="zeroValuetesting()" classname="SumCalcTest" time="0.002"/>
  <system-out><![CDATA[]]></system-out>
  <system-err><![CDATA[]]></system-err>
</testsuite>
